clients/android/oldOperandoApp/app/build/outputs/logs/manifest-merger-debug-report.txt
-- Merging decision tree log ---
manifest
ADDED from src\main\AndroidManifest.xml:2:1-125:12
	package
		ADDED from src\main\AndroidManifest.xml:3:11-32
		INJECTED from src\main\AndroidManifest.xml
		INJECTED from src\main\AndroidManifest.xml
	android:versionName
		INJECTED from src\main\AndroidManifest.xml
		INJECTED from src\main\AndroidManifest.xml
	xmlns:android
		ADDED from src\main\AndroidManifest.xml:2:11-69
	android:versionCode
		INJECTED from src\main\AndroidManifest.xml
		INJECTED from src\main\AndroidManifest.xml
uses-permission#android.permission.RECEIVE_BOOT_COMPLETED
ADDED from src\main\AndroidManifest.xml:6:5-80
	android:name
		ADDED from src\main\AndroidManifest.xml:6:22-78
uses-permission#android.permission.INTERNET
ADDED from src\main\AndroidManifest.xml:7:5-66
MERGED from [op-clients-android:SwarmClient:unspecified] AndroidManifest.xml:11:5-67
	android:name
		ADDED from src\main\AndroidManifest.xml:7:22-64
uses-permission#android.permission.ACCESS_NETWORK_STATE
ADDED from src\main\AndroidManifest.xml:8:5-78
	android:name
		ADDED from src\main\AndroidManifest.xml:8:22-76
uses-permission#android.permission.ACCESS_BLUETOOTH_SHARE
ADDED from src\main\AndroidManifest.xml:9:5-80
	android:name
		ADDED from src\main\AndroidManifest.xml:9:22-78
uses-permission#android.permission.WRITE_EXTERNAL_STORAGE
ADDED from src\main\AndroidManifest.xml:10:5-80
	android:name
		ADDED from src\main\AndroidManifest.xml:10:22-78
uses-permission#android.permission.ACCESS_WIFI_STATE
ADDED from src\main\AndroidManifest.xml:11:5-75
	android:name
		ADDED from src\main\AndroidManifest.xml:11:22-73
uses-permission#android.permission.CHANGE_WIFI_STATE
ADDED from src\main\AndroidManifest.xml:12:5-75
	android:name
		ADDED from src\main\AndroidManifest.xml:12:22-73
uses-permission#android.permission.CHANGE_NETWORK_STATE
ADDED from src\main\AndroidManifest.xml:13:5-78
	android:name
		ADDED from src\main\AndroidManifest.xml:13:22-76
uses-permission#android.permission.WRITE_SETTINGS
ADDED from src\main\AndroidManifest.xml:14:5-72
	android:name
		ADDED from src\main\AndroidManifest.xml:14:22-70
uses-permission#android.permission.MOUNT_UNMOUNT_FILESYSTEMS
ADDED from src\main\AndroidManifest.xml:15:5-83
	android:name
		ADDED from src\main\AndroidManifest.xml:15:22-81
uses-permission#android.permission.WAKE_LOCK
ADDED from src\main\AndroidManifest.xml:16:5-67
	android:name
		ADDED from src\main\AndroidManifest.xml:16:22-65
uses-permission#android.permission.ACCESS_FINE_LOCATION
ADDED from src\main\AndroidManifest.xml:19:5-78
	android:name
		ADDED from src\main\AndroidManifest.xml:19:22-76
uses-permission#android.permission.READ_PHONE_STATE
ADDED from src\main\AndroidManifest.xml:20:5-74
	android:name
		ADDED from src\main\AndroidManifest.xml:20:22-72
uses-permission#android.permission.READ_CONTACTS
ADDED from src\main\AndroidManifest.xml:21:5-71
	android:name
		ADDED from src\main\AndroidManifest.xml:21:22-69
application
ADDED from src\main\AndroidManifest.xml:23:5-123:19
MERGED from [uk.co.chrisjenx:calligraphy:2.0.2] AndroidManifest.xml:11:5-20
MERGED from [com.github.jakob-grabner:Circle-Progress-View:v1.2.9] AndroidManifest.xml:11:5-20
MERGED from [op-clients-android:SwarmClient:unspecified] AndroidManifest.xml:13:5-17:19
MERGED from [com.github.delight-im:Android-AdvancedWebView:v2.1.0] AndroidManifest.xml:9:5-20
MERGED from [com.android.support:design:23.2.1] AndroidManifest.xml:22:5-20
MERGED from [com.android.support:appcompat-v7:23.2.1] AndroidManifest.xml:25:5-20
MERGED from [com.android.support:animated-vector-drawable:23.2.1] AndroidManifest.xml:7:5-20
MERGED from [com.android.support:support-vector-drawable:23.2.1] AndroidManifest.xml:7:5-20
MERGED from [be.shouldit:android-proxy-library:4.2.6] AndroidManifest.xml:11:5-20
MERGED from [com.android.support:support-v4:23.2.1] AndroidManifest.xml:22:5-20
MERGED from [com.android.support:cardview-v7:23.2.1] AndroidManifest.xml:22:5-20
MERGED from [com.getbase:floatingactionbutton:1.9.0] AndroidManifest.xml:12:5-20
	android:label
		ADDED from src\main\AndroidManifest.xml:26:9-41
	android:supportsRtl
		ADDED from [op-clients-android:SwarmClient:unspecified] AndroidManifest.xml:16:9-35
	android:allowBackup
		ADDED from src\main\AndroidManifest.xml:24:9-35
	android:icon
		ADDED from src\main\AndroidManifest.xml:25:9-47
	android:theme
		ADDED from src\main\AndroidManifest.xml:27:9-40
activity#eu.operando.MainActivity
ADDED from src\main\AndroidManifest.xml:28:9-36:20
	android:label
		ADDED from src\main\AndroidManifest.xml:30:13-45
	android:name
		ADDED from src\main\AndroidManifest.xml:29:13-41
intent-filter#android.intent.action.MAIN+android.intent.category.LAUNCHER
ADDED from src\main\AndroidManifest.xml:31:13-35:29
action#android.intent.action.MAIN
ADDED from src\main\AndroidManifest.xml:32:17-68
	android:name
		ADDED from src\main\AndroidManifest.xml:32:25-66
category#android.intent.category.LAUNCHER
ADDED from src\main\AndroidManifest.xml:34:17-76
	android:name
		ADDED from src\main\AndroidManifest.xml:34:27-74
activity#eu.operando.activity.PermissionsActivity
ADDED from src\main\AndroidManifest.xml:37:9-93
	android:label
		ADDED from src\main\AndroidManifest.xml:37:64-91
	android:name
		ADDED from src\main\AndroidManifest.xml:37:19-63
activity#eu.operando.proxy.MainProxyActivity
ADDED from src\main\AndroidManifest.xml:38:9-42:20
	android:label
		ADDED from src\main\AndroidManifest.xml:41:13-52
	android:configChanges
		ADDED from src\main\AndroidManifest.xml:40:13-74
	android:name
		ADDED from src\main\AndroidManifest.xml:39:13-52
activity#eu.operando.proxy.wifi.AccessPointsActivity
ADDED from src\main\AndroidManifest.xml:43:9-51:20
	android:label
		ADDED from src\main\AndroidManifest.xml:46:13-35
	android:parentActivityName
		ADDED from src\main\AndroidManifest.xml:47:13-66
	android:configChanges
		ADDED from src\main\AndroidManifest.xml:45:13-74
	android:name
		ADDED from src\main\AndroidManifest.xml:44:13-60
meta-data#android.support.PARENT_ACTIVITY
ADDED from src\main\AndroidManifest.xml:48:13-50:59
	android:value
		ADDED from src\main\AndroidManifest.xml:50:17-57
	android:name
		ADDED from src\main\AndroidManifest.xml:49:17-63
activity#eu.operando.proxy.settings.SettingActivity
ADDED from src\main\AndroidManifest.xml:52:9-59:20
	android:label
		ADDED from src\main\AndroidManifest.xml:54:13-52
	android:parentActivityName
		ADDED from src\main\AndroidManifest.xml:55:13-66
	android:name
		ADDED from src\main\AndroidManifest.xml:53:13-59
activity#eu.operando.proxy.about.AboutActivity
ADDED from src\main\AndroidManifest.xml:60:9-67:20
	android:label
		ADDED from src\main\AndroidManifest.xml:62:13-49
	android:parentActivityName
		ADDED from src\main\AndroidManifest.xml:63:13-66
	android:name
		ADDED from src\main\AndroidManifest.xml:61:13-54
activity#eu.operando.proxy.filters.response.ResponseFiltersActivity
ADDED from src\main\AndroidManifest.xml:69:9-75:20
	android:label
		ADDED from src\main\AndroidManifest.xml:71:13-53
	android:name
		ADDED from src\main\AndroidManifest.xml:70:13-75
activity#eu.operando.proxy.filters.domain.DomainFiltersActivity
ADDED from src\main\AndroidManifest.xml:77:9-83:20
	android:label
		ADDED from src\main\AndroidManifest.xml:79:13-51
	android:name
		ADDED from src\main\AndroidManifest.xml:78:13-71
activity#eu.operando.activity.IdentitiesActivity
ADDED from src\main\AndroidManifest.xml:84:9-85:55
	android:label
		ADDED from src\main\AndroidManifest.xml:85:19-53
	android:name
		ADDED from src\main\AndroidManifest.xml:84:19-62
receiver#eu.operando.proxy.service.receivers.BootEventReceiver
ADDED from src\main\AndroidManifest.xml:88:9-96:20
	android:enabled
		ADDED from src\main\AndroidManifest.xml:90:13-35
	android:exported
		ADDED from src\main\AndroidManifest.xml:91:13-37
	android:name
		ADDED from src\main\AndroidManifest.xml:89:13-70
intent-filter#android.intent.action.BOOT_COMPLETED+android.intent.category.HOME
ADDED from src\main\AndroidManifest.xml:92:13-95:29
action#android.intent.action.BOOT_COMPLETED
ADDED from src\main\AndroidManifest.xml:93:17-78
	android:name
		ADDED from src\main\AndroidManifest.xml:93:25-76
category#android.intent.category.HOME
ADDED from src\main\AndroidManifest.xml:94:17-72
	android:name
		ADDED from src\main\AndroidManifest.xml:94:27-70
receiver#eu.operando.proxy.service.receivers.ConnectivityStateReceiver
ADDED from src\main\AndroidManifest.xml:98:9-106:20
	android:enabled
		ADDED from src\main\AndroidManifest.xml:100:13-35
	android:exported
		ADDED from src\main\AndroidManifest.xml:101:13-37
	android:name
		ADDED from src\main\AndroidManifest.xml:99:13-78
intent-filter#android.net.conn.CONNECTIVITY_CHANGE+android.net.wifi.WIFI_STATE_CHANGED
ADDED from src\main\AndroidManifest.xml:102:13-105:29
action#android.net.wifi.WIFI_STATE_CHANGED
ADDED from src\main\AndroidManifest.xml:103:17-77
	android:name
		ADDED from src\main\AndroidManifest.xml:103:25-75
action#android.net.conn.CONNECTIVITY_CHANGE
ADDED from src\main\AndroidManifest.xml:104:17-78
	android:name
		ADDED from src\main\AndroidManifest.xml:104:25-76
service#eu.operando.proxy.service.BootNotificationService
ADDED from src\main\AndroidManifest.xml:108:9-111:19
	android:enabled
		ADDED from src\main\AndroidManifest.xml:110:13-35
	android:name
		ADDED from src\main\AndroidManifest.xml:109:13-66
service#eu.operando.proxy.service.ProxyService
ADDED from src\main\AndroidManifest.xml:113:9-116:19
	android:enabled
		ADDED from src\main\AndroidManifest.xml:115:13-35
	android:name
		ADDED from src\main\AndroidManifest.xml:114:13-55
activity#eu.operando.activity.NotificationsActivity
ADDED from src\main\AndroidManifest.xml:118:9-97
	android:label
		ADDED from src\main\AndroidManifest.xml:118:66-95
	android:name
		ADDED from src\main\AndroidManifest.xml:118:19-65
activity#eu.operando.activity.SensorsActivity
ADDED from src\main\AndroidManifest.xml:119:9-85
	android:label
		ADDED from src\main\AndroidManifest.xml:119:60-83
	android:name
		ADDED from src\main\AndroidManifest.xml:119:19-59
activity#eu.operando.activity.FeaturesActivity
ADDED from src\main\AndroidManifest.xml:120:9-86
	android:label
		ADDED from src\main\AndroidManifest.xml:120:61-84
	android:name
		ADDED from src\main\AndroidManifest.xml:120:19-60
activity#eu.operando.activity.CreateIdentityActivity
ADDED from src\main\AndroidManifest.xml:121:9-68
	android:name
		ADDED from src\main\AndroidManifest.xml:121:19-66
activity#eu.operando.activity.PFBActivity
ADDED from src\main\AndroidManifest.xml:122:9-94
	android:label
		ADDED from src\main\AndroidManifest.xml:122:56-92
	android:name
		ADDED from src\main\AndroidManifest.xml:122:19-55
uses-sdk
INJECTED from src\main\AndroidManifest.xml reason: use-sdk injection requested
MERGED from [uk.co.chrisjenx:calligraphy:2.0.2] AndroidManifest.xml:7:5-9:41
MERGED from [com.github.jakob-grabner:Circle-Progress-View:v1.2.9] AndroidManifest.xml:7:5-9:41
MERGED from [op-clients-android:SwarmClient:unspecified] AndroidManifest.xml:7:5-9:41
MERGED from [com.github.delight-im:Android-AdvancedWebView:v2.1.0] AndroidManifest.xml:5:5-7:41
MERGED from [com.android.support:design:23.2.1] AndroidManifest.xml:20:5-43
MERGED from [com.android.support:appcompat-v7:23.2.1] AndroidManifest.xml:21:5-23:78
MERGED from [com.android.support:animated-vector-drawable:23.2.1] AndroidManifest.xml:5:5-44
MERGED from [com.android.support:support-vector-drawable:23.2.1] AndroidManifest.xml:5:5-43
MERGED from [be.shouldit:android-proxy-library:4.2.6] AndroidManifest.xml:7:5-9:41
MERGED from [com.android.support:recyclerview-v7:23.2.1] AndroidManifest.xml:20:5-43
MERGED from [com.android.support:support-v4:23.2.1] AndroidManifest.xml:20:5-43
MERGED from [com.android.support:cardview-v7:23.2.1] AndroidManifest.xml:20:5-43
MERGED from [com.getbase:floatingactionbutton:1.9.0] AndroidManifest.xml:8:5-10:41
MERGED from [com.android.support:multidex:1.0.0] AndroidManifest.xml:18:5-42
	tools:overrideLibrary
		ADDED from [com.android.support:appcompat-v7:23.2.1] AndroidManifest.xml:23:9-75
	android:targetSdkVersion
		INJECTED from src\main\AndroidManifest.xml
		INJECTED from src\main\AndroidManifest.xml
	android:minSdkVersion
		INJECTED from src\main\AndroidManifest.xml
		INJECTED from src\main\AndroidManifest.xml